<?xml version="1.0" encoding="UTF-8"?>
<!-- Generated by org.testng.reporters.JUnitXMLReporter -->
<testsuite hostname="Andys-MacBook-Pro-2.local" ignored="8" name="Regression Tests" tests="4" failures="2" timestamp="2020-04-28T00:20:34 PDT" time="32.127" errors="0">
  <testcase name="loginCorrectCredentials" time="5.018" classname="tests.LoginPageTest">
    <failure type="org.openqa.selenium.ElementNotInteractableException" message="element not interactable
  (Session info: chrome=81.0.4044.122)
Build info: version: &amp;apos;3.141.59&amp;apos;, revision: &amp;apos;e82be7d358&amp;apos;, time: &amp;apos;2018-11-14T08:17:03&amp;apos;
System info: host: &amp;apos;Andys-MacBook-Pro-2.local&amp;apos;, ip: &amp;apos;fe80:0:0:0:c4f:5663:7170:cdd9%en0&amp;apos;, os.name: &amp;apos;Mac OS X&amp;apos;, os.arch: &amp;apos;x86_64&amp;apos;, os.version: &amp;apos;10.15.3&amp;apos;, java.version: &amp;apos;1.8.0_241&amp;apos;
Driver info: org.openqa.selenium.chrome.ChromeDriver
Capabilities {acceptInsecureCerts: false, browserName: chrome, browserVersion: 81.0.4044.122, chrome: {chromedriverVersion: 81.0.4044.69 (6813546031a4b..., userDataDir: /var/folders/7p/ksvlcbz103d...}, goog:chromeOptions: {debuggerAddress: localhost:49570}, javascriptEnabled: true, networkConnectionEnabled: false, pageLoadStrategy: normal, platform: MAC, platformName: MAC, proxy: Proxy(), setWindowRect: true, strictFileInteractability: false, timeouts: {implicit: 0, pageLoad: 300000, script: 30000}, unhandledPromptBehavior: dismiss and notify, webauthn:virtualAuthenticators: true}
Session ID: 1f0a8dfb7f3a42195d200528cfb6c804">
      <![CDATA[org.openqa.selenium.ElementNotInteractableException: element not interactable
  (Session info: chrome=81.0.4044.122)
Build info: version: '3.141.59', revision: 'e82be7d358', time: '2018-11-14T08:17:03'
System info: host: 'Andys-MacBook-Pro-2.local', ip: 'fe80:0:0:0:c4f:5663:7170:cdd9%en0', os.name: 'Mac OS X', os.arch: 'x86_64', os.version: '10.15.3', java.version: '1.8.0_241'
Driver info: org.openqa.selenium.chrome.ChromeDriver
Capabilities {acceptInsecureCerts: false, browserName: chrome, browserVersion: 81.0.4044.122, chrome: {chromedriverVersion: 81.0.4044.69 (6813546031a4b..., userDataDir: /var/folders/7p/ksvlcbz103d...}, goog:chromeOptions: {debuggerAddress: localhost:49570}, javascriptEnabled: true, networkConnectionEnabled: false, pageLoadStrategy: normal, platform: MAC, platformName: MAC, proxy: Proxy(), setWindowRect: true, strictFileInteractability: false, timeouts: {implicit: 0, pageLoad: 300000, script: 30000}, unhandledPromptBehavior: dismiss and notify, webauthn:virtualAuthenticators: true}
Session ID: 1f0a8dfb7f3a42195d200528cfb6c804
at org.openqa.selenium.remote.http.W3CHttpResponseCodec.createException(W3CHttpResponseCodec.java:187)
at org.openqa.selenium.remote.http.W3CHttpResponseCodec.decode(W3CHttpResponseCodec.java:122)
at org.openqa.selenium.remote.http.W3CHttpResponseCodec.decode(W3CHttpResponseCodec.java:49)
at org.openqa.selenium.remote.HttpCommandExecutor.execute(HttpCommandExecutor.java:158)
at org.openqa.selenium.remote.service.DriverCommandExecutor.execute(DriverCommandExecutor.java:83)
at org.openqa.selenium.remote.RemoteWebDriver.execute(RemoteWebDriver.java:552)
at org.openqa.selenium.remote.RemoteWebElement.execute(RemoteWebElement.java:285)
at org.openqa.selenium.remote.RemoteWebElement.clear(RemoteWebElement.java:124)
at pageObjects.LoginPage.typeEmailAddress(LoginPage.java:58)
at tests.LoginPageTest.loginCorrectCredentials(LoginPageTest.java:50)
at java.util.ArrayList.forEach(ArrayList.java:1257)
... Removed 31 stack frames]]>
    </failure>
  </testcase> <!-- loginCorrectCredentials -->
  <testcase name="verifyVirtualChatIconLoaded" time="5.209" classname="tests.HomePageTest"/>
  <testcase name="searchForFlight" time="5.341" classname="tests.FlightSearchPageTest">
    <failure type="org.openqa.selenium.ElementNotInteractableException" message="element not interactable
  (Session info: chrome=81.0.4044.122)
Build info: version: &amp;apos;3.141.59&amp;apos;, revision: &amp;apos;e82be7d358&amp;apos;, time: &amp;apos;2018-11-14T08:17:03&amp;apos;
System info: host: &amp;apos;Andys-MacBook-Pro-2.local&amp;apos;, ip: &amp;apos;fe80:0:0:0:c4f:5663:7170:cdd9%en0&amp;apos;, os.name: &amp;apos;Mac OS X&amp;apos;, os.arch: &amp;apos;x86_64&amp;apos;, os.version: &amp;apos;10.15.3&amp;apos;, java.version: &amp;apos;1.8.0_241&amp;apos;
Driver info: org.openqa.selenium.chrome.ChromeDriver
Capabilities {acceptInsecureCerts: false, browserName: chrome, browserVersion: 81.0.4044.122, chrome: {chromedriverVersion: 81.0.4044.69 (6813546031a4b..., userDataDir: /var/folders/7p/ksvlcbz103d...}, goog:chromeOptions: {debuggerAddress: localhost:49894}, javascriptEnabled: true, networkConnectionEnabled: false, pageLoadStrategy: normal, platform: MAC, platformName: MAC, proxy: Proxy(), setWindowRect: true, strictFileInteractability: false, timeouts: {implicit: 0, pageLoad: 300000, script: 30000}, unhandledPromptBehavior: dismiss and notify, webauthn:virtualAuthenticators: true}
Session ID: b148bf19e7960810e5ce0f82620fa97f">
      <![CDATA[org.openqa.selenium.ElementNotInteractableException: element not interactable
  (Session info: chrome=81.0.4044.122)
Build info: version: '3.141.59', revision: 'e82be7d358', time: '2018-11-14T08:17:03'
System info: host: 'Andys-MacBook-Pro-2.local', ip: 'fe80:0:0:0:c4f:5663:7170:cdd9%en0', os.name: 'Mac OS X', os.arch: 'x86_64', os.version: '10.15.3', java.version: '1.8.0_241'
Driver info: org.openqa.selenium.chrome.ChromeDriver
Capabilities {acceptInsecureCerts: false, browserName: chrome, browserVersion: 81.0.4044.122, chrome: {chromedriverVersion: 81.0.4044.69 (6813546031a4b..., userDataDir: /var/folders/7p/ksvlcbz103d...}, goog:chromeOptions: {debuggerAddress: localhost:49894}, javascriptEnabled: true, networkConnectionEnabled: false, pageLoadStrategy: normal, platform: MAC, platformName: MAC, proxy: Proxy(), setWindowRect: true, strictFileInteractability: false, timeouts: {implicit: 0, pageLoad: 300000, script: 30000}, unhandledPromptBehavior: dismiss and notify, webauthn:virtualAuthenticators: true}
Session ID: b148bf19e7960810e5ce0f82620fa97f
at org.openqa.selenium.remote.http.W3CHttpResponseCodec.createException(W3CHttpResponseCodec.java:187)
at org.openqa.selenium.remote.http.W3CHttpResponseCodec.decode(W3CHttpResponseCodec.java:122)
at org.openqa.selenium.remote.http.W3CHttpResponseCodec.decode(W3CHttpResponseCodec.java:49)
at org.openqa.selenium.remote.HttpCommandExecutor.execute(HttpCommandExecutor.java:158)
at org.openqa.selenium.remote.service.DriverCommandExecutor.execute(DriverCommandExecutor.java:83)
at org.openqa.selenium.remote.RemoteWebDriver.execute(RemoteWebDriver.java:552)
at org.openqa.selenium.remote.RemoteWebElement.execute(RemoteWebElement.java:285)
at org.openqa.selenium.remote.RemoteWebElement.clear(RemoteWebElement.java:124)
at pageObjects.FlightSearchPage.searchForDepartingAirport(FlightSearchPage.java:52)
at tests.FlightSearchPageTest.searchForFlight(FlightSearchPageTest.java:30)
at java.util.ArrayList.forEach(ArrayList.java:1257)
... Removed 31 stack frames]]>
    </failure>
  </testcase> <!-- searchForFlight -->
  <testcase name="verifySearchButtonLoadsNewPage" time="0.0" classname="tests.FlightSearchPageTest">
    <skipped/>
  </testcase> <!-- verifySearchButtonLoadsNewPage -->
  <testcase name="clickEachNavigationTab" time="0.0" classname="tests.HomePageTest">
    <ignored/>
  </testcase> <!-- clickEachNavigationTab -->
  <testcase name="verifyFacebookLoginLinkDisplayed" time="0.0" classname="tests.LoginPageTest">
    <ignored/>
  </testcase> <!-- verifyFacebookLoginLinkDisplayed -->
  <testcase name="clickForgotPasswordLink" time="0.0" classname="tests.LoginPageTest">
    <ignored/>
  </testcase> <!-- clickForgotPasswordLink -->
  <testcase name="verifyTitle" time="0.0" classname="tests.HomePageTest">
    <ignored/>
  </testcase> <!-- verifyTitle -->
  <testcase name="cannotProceedSearchWithInsufficientInformation" time="0.0" classname="tests.FlightSearchPageTest">
    <ignored/>
  </testcase> <!-- cannotProceedSearchWithInsufficientInformation -->
  <testcase name="verifyGoogleLoginLinkDisplayed" time="0.0" classname="tests.LoginPageTest">
    <ignored/>
  </testcase> <!-- verifyGoogleLoginLinkDisplayed -->
  <testcase name="verifyLogoIsPresent" time="0.0" classname="tests.HomePageTest">
    <ignored/>
  </testcase> <!-- verifyLogoIsPresent -->
  <testcase name="editFlight" time="0.0" classname="tests.FlightSearchPageTest">
    <ignored/>
  </testcase> <!-- editFlight -->
</testsuite> <!-- Regression Tests -->
